<?xml version="1.0" encoding="UTF-8"?>
<testsuite xmlns:xsi="http://www.w3.org/2001/XMLSchema-instance" xsi:noNamespaceSchemaLocation="https://maven.apache.org/surefire/maven-surefire-plugin/xsd/surefire-test-report.xsd" name="application.endpoint.ConverterEndpointUnitTests" time="2.213" tests="6" errors="0" skipped="0" failures="0">
  <properties>
[...]
</properties>
  <testcase name="testCentimetersToMetersEndpoint" classname="application.endpoint.ConverterEndpointUnitTests" time="0.069"/>
  <testcase name="testKilometersToMiles" classname="application.endpoint.ConverterEndpointUnitTests" time="0.001"/>
  <testcase name="testInchesToMeters" classname="application.endpoint.ConverterEndpointUnitTests" time="0.002"/>
  <testcase name="testMetersToInches" classname="application.endpoint.ConverterEndpointUnitTests" time="0.003"/>
  <testcase name="testMetersToCentimetersEndpoint" classname="application.endpoint.ConverterEndpointUnitTests" time="0.003"/>
  <testcase name="testMilesToKilometers" classname="application.endpoint.ConverterEndpointUnitTests" time="0.003"/>
</testsuite>